<?xml version="1.0" encoding="UTF-8"?>
<testng-results ignored="0" total="1" passed="1" failed="0" skipped="0">
  <reporter-output>
  </reporter-output>
  <suite started-at="2025-04-20T11:40:41 IST" name="Surefire suite" finished-at="2025-04-20T11:40:41 IST" duration-ms="11">
    <groups>
    </groups>
    <test started-at="2025-04-20T11:40:41 IST" name="Surefire test" finished-at="2025-04-20T11:40:41 IST" duration-ms="11">
      <class name="SauceDemo.SauceDemo.AppTest">
        <test-method signature="testApp()[pri:0, instance:testApp(SauceDemo.SauceDemo.AppTest)]" started-at="2025-04-20T11:40:41 IST" name="testApp" finished-at="2025-04-20T11:40:41 IST" duration-ms="1" status="PASS">
          <reporter-output>
          </reporter-output>
        </test-method> <!-- testApp -->
      </class> <!-- SauceDemo.SauceDemo.AppTest -->
    </test> <!-- Surefire test -->
  </suite> <!-- Surefire suite -->
</testng-results>
