<?xml version="1.0" encoding="UTF-8"?>
<!-- Generated by org.testng.reporters.JUnitXMLReporter -->
<testsuite ignored="0" hostname="DESKTOP-LL02VCO" failures="0" tests="5" name="EndToEndTests" time="21.069" errors="0" timestamp="2025-04-20T11:14:59 IST">
  <testcase classname="tests.LoginTest" name="testLoginSuccess" time="1.46"/>
  <testcase classname="tests.CartTest" name="testAddItemsToCart" time="2.616"/>
  <testcase classname="tests.CheckoutInfoTest" name="testFillUserInfo" time="2.726"/>
  <testcase classname="tests.CheckoutOverviewTest" name="testOverviewAndTotal" time="2.953"/>
  <testcase classname="tests.OrderConfirmationTest" name="testOrderConfirmationAndLogout" time="3.907"/>
</testsuite> <!-- EndToEndTests -->
