<?xml version="1.0" encoding="UTF-8"?>
<!-- Generated by org.testng.reporters.JUnitXMLReporter -->
<testsuite ignored="0" hostname="DESKTOP-LL02VCO" failures="0" tests="5" name="Surefire test" time="24.208" errors="0" timestamp="2025-04-20T11:40:41 IST">
  <testcase classname="tests.CartTest" name="testAddItemsToCart" time="3.238"/>
  <testcase classname="tests.CheckoutInfoTest" name="testFillUserInfo" time="4.345"/>
  <testcase classname="tests.CheckoutOverviewTest" name="testOverviewAndTotal" time="3.407"/>
  <testcase classname="tests.LoginTest" name="testLoginSuccess" time="2.529"/>
  <testcase classname="tests.OrderConfirmationTest" name="testOrderConfirmationAndLogout" time="3.7"/>
</testsuite> <!-- Surefire test -->
