<?xml version="1.0" encoding="UTF-8"?>
<testng-results ignored="0" total="5" passed="5" failed="0" skipped="0">
  <reporter-output>
  </reporter-output>
  <suite started-at="2025-04-20T11:40:16 IST" name="Surefire suite" finished-at="2025-04-20T11:40:41 IST" duration-ms="24208">
    <groups>
    </groups>
    <test started-at="2025-04-20T11:40:16 IST" name="Surefire test" finished-at="2025-04-20T11:40:41 IST" duration-ms="24208">
      <class name="tests.LoginTest">
        <test-method is-config="true" signature="setup()[pri:0, instance:tests.LoginTest@7f010382]" started-at="2025-04-20T11:40:32 IST" name="setup" finished-at="2025-04-20T11:40:33 IST" duration-ms="1064" status="PASS">
          <reporter-output>
          </reporter-output>
        </test-method> <!-- setup -->
        <test-method signature="testLoginSuccess()[pri:0, instance:tests.LoginTest@7f010382]" started-at="2025-04-20T11:40:33 IST" name="testLoginSuccess" finished-at="2025-04-20T11:40:36 IST" duration-ms="2529" status="PASS">
          <reporter-output>
          </reporter-output>
        </test-method> <!-- testLoginSuccess -->
        <test-method is-config="true" signature="tearDownAndCaptureScreenshot(org.testng.ITestResult)[pri:0, instance:tests.LoginTest@7f010382]" started-at="2025-04-20T11:40:36 IST" name="tearDownAndCaptureScreenshot" finished-at="2025-04-20T11:40:36 IST" duration-ms="184" status="PASS">
          <params>
            <param index="0">
              <value>
                <![CDATA[[TestResult name=testLoginSuccess status=SUCCESS method=LoginTest.testLoginSuccess()[pri:0, instance:tests.LoginTest@7f010382] output={null}]]]>
              </value>
            </param>
          </params>
          <reporter-output>
          </reporter-output>
        </test-method> <!-- tearDownAndCaptureScreenshot -->
      </class> <!-- tests.LoginTest -->
      <class name="tests.CheckoutInfoTest">
        <test-method is-config="true" signature="setup()[pri:0, instance:tests.CheckoutInfoTest@161479c6]" started-at="2025-04-20T11:40:22 IST" name="setup" finished-at="2025-04-20T11:40:23 IST" duration-ms="1160" status="PASS">
          <reporter-output>
          </reporter-output>
        </test-method> <!-- setup -->
        <test-method signature="testFillUserInfo()[pri:0, instance:tests.CheckoutInfoTest@161479c6]" started-at="2025-04-20T11:40:23 IST" name="testFillUserInfo" finished-at="2025-04-20T11:40:27 IST" duration-ms="4345" status="PASS">
          <reporter-output>
          </reporter-output>
        </test-method> <!-- testFillUserInfo -->
        <test-method is-config="true" signature="tearDownAndCaptureScreenshot(org.testng.ITestResult)[pri:0, instance:tests.CheckoutInfoTest@161479c6]" started-at="2025-04-20T11:40:27 IST" name="tearDownAndCaptureScreenshot" finished-at="2025-04-20T11:40:27 IST" duration-ms="2" status="PASS">
          <params>
            <param index="0">
              <value>
                <![CDATA[[TestResult name=testFillUserInfo status=SUCCESS method=CheckoutInfoTest.testFillUserInfo()[pri:0, instance:tests.CheckoutInfoTest@161479c6] output={null}]]]>
              </value>
            </param>
          </params>
          <reporter-output>
          </reporter-output>
        </test-method> <!-- tearDownAndCaptureScreenshot -->
      </class> <!-- tests.CheckoutInfoTest -->
      <class name="tests.CartTest">
        <test-method is-config="true" signature="setup()[pri:0, instance:tests.CartTest@75329a49]" started-at="2025-04-20T11:40:16 IST" name="setup" finished-at="2025-04-20T11:40:18 IST" duration-ms="1976" status="PASS">
          <reporter-output>
          </reporter-output>
        </test-method> <!-- setup -->
        <test-method signature="testAddItemsToCart()[pri:0, instance:tests.CartTest@75329a49]" started-at="2025-04-20T11:40:18 IST" name="testAddItemsToCart" finished-at="2025-04-20T11:40:22 IST" duration-ms="3238" status="PASS">
          <reporter-output>
          </reporter-output>
        </test-method> <!-- testAddItemsToCart -->
        <test-method is-config="true" signature="tearDownAndCaptureScreenshot(org.testng.ITestResult)[pri:0, instance:tests.CartTest@75329a49]" started-at="2025-04-20T11:40:22 IST" name="tearDownAndCaptureScreenshot" finished-at="2025-04-20T11:40:22 IST" duration-ms="4" status="PASS">
          <params>
            <param index="0">
              <value>
                <![CDATA[[TestResult name=testAddItemsToCart status=SUCCESS method=CartTest.testAddItemsToCart()[pri:0, instance:tests.CartTest@75329a49] output={null}]]]>
              </value>
            </param>
          </params>
          <reporter-output>
          </reporter-output>
        </test-method> <!-- tearDownAndCaptureScreenshot -->
      </class> <!-- tests.CartTest -->
      <class name="tests.CheckoutOverviewTest">
        <test-method is-config="true" signature="setup()[pri:0, instance:tests.CheckoutOverviewTest@4313f5bc]" started-at="2025-04-20T11:40:27 IST" name="setup" finished-at="2025-04-20T11:40:28 IST" duration-ms="1134" status="PASS">
          <reporter-output>
          </reporter-output>
        </test-method> <!-- setup -->
        <test-method signature="testOverviewAndTotal()[pri:0, instance:tests.CheckoutOverviewTest@4313f5bc]" started-at="2025-04-20T11:40:28 IST" name="testOverviewAndTotal" finished-at="2025-04-20T11:40:32 IST" duration-ms="3407" status="PASS">
          <reporter-output>
          </reporter-output>
        </test-method> <!-- testOverviewAndTotal -->
        <test-method is-config="true" signature="tearDownAndCaptureScreenshot(org.testng.ITestResult)[pri:0, instance:tests.CheckoutOverviewTest@4313f5bc]" started-at="2025-04-20T11:40:32 IST" name="tearDownAndCaptureScreenshot" finished-at="2025-04-20T11:40:32 IST" duration-ms="178" status="PASS">
          <params>
            <param index="0">
              <value>
                <![CDATA[[TestResult name=testOverviewAndTotal status=SUCCESS method=CheckoutOverviewTest.testOverviewAndTotal()[pri:0, instance:tests.CheckoutOverviewTest@4313f5bc] output={null}]]]>
              </value>
            </param>
          </params>
          <reporter-output>
          </reporter-output>
        </test-method> <!-- tearDownAndCaptureScreenshot -->
      </class> <!-- tests.CheckoutOverviewTest -->
      <class name="tests.OrderConfirmationTest">
        <test-method is-config="true" signature="setup()[pri:0, instance:tests.OrderConfirmationTest@1e802ef9]" started-at="2025-04-20T11:40:36 IST" name="setup" finished-at="2025-04-20T11:40:37 IST" duration-ms="1198" status="PASS">
          <reporter-output>
          </reporter-output>
        </test-method> <!-- setup -->
        <test-method signature="testOrderConfirmationAndLogout()[pri:0, instance:tests.OrderConfirmationTest@1e802ef9]" started-at="2025-04-20T11:40:37 IST" name="testOrderConfirmationAndLogout" finished-at="2025-04-20T11:40:41 IST" duration-ms="3700" status="PASS">
          <reporter-output>
          </reporter-output>
        </test-method> <!-- testOrderConfirmationAndLogout -->
        <test-method is-config="true" signature="tearDownAndCaptureScreenshot(org.testng.ITestResult)[pri:0, instance:tests.OrderConfirmationTest@1e802ef9]" started-at="2025-04-20T11:40:41 IST" name="tearDownAndCaptureScreenshot" finished-at="2025-04-20T11:40:41 IST" duration-ms="0" status="PASS">
          <params>
            <param index="0">
              <value>
                <![CDATA[[TestResult name=testOrderConfirmationAndLogout status=SUCCESS method=OrderConfirmationTest.testOrderConfirmationAndLogout()[pri:0, instance:tests.OrderConfirmationTest@1e802ef9] output={null}]]]>
              </value>
            </param>
          </params>
          <reporter-output>
          </reporter-output>
        </test-method> <!-- tearDownAndCaptureScreenshot -->
      </class> <!-- tests.OrderConfirmationTest -->
    </test> <!-- Surefire test -->
  </suite> <!-- Surefire suite -->
</testng-results>
