<?xml version="1.0" encoding="UTF-8"?>
<testsuite xmlns:xsi="http://www.w3.org/2001/XMLSchema-instance" xsi:noNamespaceSchemaLocation="https://maven.apache.org/surefire/maven-surefire-plugin/xsd/surefire-test-report.xsd" version="3.0.2" name="TestSuite" time="25.007" tests="6" errors="0" skipped="0" failures="0">
  <properties>
[...]
</properties>
  <testcase name="testAddItemsToCart" classname="tests.CartTest" time="3.239">
    <system-err><![CDATA[SLF4J: Failed to load class "org.slf4j.impl.StaticLoggerBinder".
SLF4J: Defaulting to no-operation (NOP) logger implementation
SLF4J: See http://www.slf4j.org/codes.html#StaticLoggerBinder for further details.
]]></system-err>
  </testcase>
  <testcase name="testFillUserInfo" classname="tests.CheckoutInfoTest" time="4.347"/>
  <testcase name="testOverviewAndTotal" classname="tests.CheckoutOverviewTest" time="3.406"/>
  <testcase name="testLoginSuccess" classname="tests.LoginTest" time="2.526"/>
  <testcase name="testOrderConfirmationAndLogout" classname="tests.OrderConfirmationTest" time="3.699"/>
  <testcase name="testApp on testApp(SauceDemo.SauceDemo.AppTest)" classname="SauceDemo.SauceDemo.AppTest" time="3.857"/>
</testsuite>