<?xml version="1.0" encoding="UTF-8"?>
<testng-results ignored="0" total="1" passed="1" failed="0" skipped="0">
  <reporter-output>
  </reporter-output>
  <suite started-at="2025-04-20T11:54:52 IST" name="Default suite" finished-at="2025-04-20T11:55:04 IST" duration-ms="12328">
    <groups>
    </groups>
    <test started-at="2025-04-20T11:54:52 IST" name="Default test" finished-at="2025-04-20T11:55:04 IST" duration-ms="12328">
      <class name="tests.LoginTest">
        <test-method is-config="true" signature="setup()[pri:0, instance:tests.LoginTest@563f38c4]" started-at="2025-04-20T11:54:52 IST" name="setup" finished-at="2025-04-20T11:54:59 IST" duration-ms="6359" status="PASS">
          <reporter-output>
          </reporter-output>
        </test-method> <!-- setup -->
        <test-method signature="testLoginSuccess()[pri:0, instance:tests.LoginTest@563f38c4]" started-at="2025-04-20T11:54:59 IST" name="testLoginSuccess" finished-at="2025-04-20T11:55:04 IST" duration-ms="5666" status="PASS">
          <reporter-output>
          </reporter-output>
        </test-method> <!-- testLoginSuccess -->
        <test-method is-config="true" signature="tearDownAndCaptureScreenshot(org.testng.ITestResult)[pri:0, instance:tests.LoginTest@563f38c4]" started-at="2025-04-20T11:55:04 IST" name="tearDownAndCaptureScreenshot" finished-at="2025-04-20T11:55:04 IST" duration-ms="243" status="PASS">
          <params>
            <param index="0">
              <value>
                <![CDATA[[TestResult name=testLoginSuccess status=SUCCESS method=LoginTest.testLoginSuccess()[pri:0, instance:tests.LoginTest@563f38c4] output={null}]]]>
              </value>
            </param>
          </params>
          <reporter-output>
          </reporter-output>
        </test-method> <!-- tearDownAndCaptureScreenshot -->
      </class> <!-- tests.LoginTest -->
    </test> <!-- Default test -->
  </suite> <!-- Default suite -->
</testng-results>
